2022-09-22 07:51:22:647 [Appium] Welcome to Appium v1.22.3
2022-09-22 07:51:22:648 [Appium] Non-default server args:
2022-09-22 07:51:22:648 [Appium]   port: 18737
2022-09-22 07:51:22:648 [Appium]   sessionOverride: true
2022-09-22 07:51:22:649 [Appium]   logFile: /Users/varsha/Desktop/NAGP/NAGPAppium/Android_/Server.log
2022-09-22 07:51:22:665 [Appium] Appium REST http interface listener started on 0.0.0.0:18737
2022-09-22 07:51:22:797 [HTTP] --> GET /wd/hub/status
2022-09-22 07:51:22:797 [HTTP] {}
2022-09-22 07:51:22:798 [GENERIC] Calling AppiumDriver.getStatus() with args: []
2022-09-22 07:51:22:799 [GENERIC] Responding to client with driver.getStatus() result: {"build":{"version":"1.22.3"}}
2022-09-22 07:51:22:803 [HTTP] <-- GET /wd/hub/status 200 5 ms - 68
2022-09-22 07:51:22:803 [HTTP] 
2022-09-22 07:51:22:806 [HTTP] --> GET /wd/hub/status
2022-09-22 07:51:22:806 [HTTP] {}
2022-09-22 07:51:22:806 [GENERIC] Calling AppiumDriver.getStatus() with args: []
2022-09-22 07:51:22:806 [GENERIC] Responding to client with driver.getStatus() result: {"build":{"version":"1.22.3"}}
2022-09-22 07:51:22:807 [HTTP] <-- GET /wd/hub/status 200 1 ms - 68
2022-09-22 07:51:22:807 [HTTP] 
2022-09-22 07:51:22:818 [HTTP] Request idempotency key: c61ee312-4cbb-48dd-8ddc-b32a0aacfd46
2022-09-22 07:51:22:833 [HTTP] --> POST /wd/hub/session
2022-09-22 07:51:22:833 [HTTP] {"desiredCapabilities":{"app":"/Users/varsha/Desktop/NAGP/NAGPAppium/src/test/resources/apkFiles/selendroid-test-app.apk","appActivity":"io.selendroid.testapp.HomeScreenActivity","appPackage":"io.selendroid.testapp","automationName":"UiAutomator2","chromeDriverPort":"11000","platformName":"Android","systemPort":"10000"},"capabilities":{"firstMatch":[{"appium:app":"/Users/varsha/Desktop/NAGP/NAGPAppium/src/test/resources/apkFiles/selendroid-test-app.apk","appium:appActivity":"io.selendroid.testapp.HomeScreenActivity","appium:appPackage":"io.selendroid.testapp","appium:automationName":"UiAutomator2","chromeDriverPort":"11000","platformName":"android","appium:systemPort":"10000"}]}}
2022-09-22 07:51:22:834 [W3C] Calling AppiumDriver.createSession() with args: [{"app":"/Users/varsha/Desktop/NAGP/NAGPAppium/src/test/resources/apkFiles/selendroid-test-app.apk","appActivity":"io.selendroid.testapp.HomeScreenActivity","appPackage":"io.selendroid.testapp","automationName":"UiAutomator2","chromeDriverPort":"11000","platformName":"Android","systemPort":"10000"},null,{"firstMatch":[{"appium:app":"/Users/varsha/Desktop/NAGP/NAGPAppium/src/test/resources/apkFiles/selendroid-test-app.apk","appium:appActivity":"io.selendroid.testapp.HomeScreenActivity","appium:appPackage":"io.selendroid.testapp","appium:automationName":"UiAutomator2","chromeDriverPort":"11000","platformName":"android","appium:systemPort":"10000"}]}]
2022-09-22 07:51:22:835 [BaseDriver] Event 'newSessionRequested' logged at 1663833082835 (13:21:22 GMT+0530 (India Standard Time))
2022-09-22 07:51:22:840 [BaseDriver] The following capabilities are not standard capabilities and should have an extension prefix:
2022-09-22 07:51:22:840 [BaseDriver]   chromeDriverPort
2022-09-22 07:51:23:067 [Appium] Appium v1.22.3 creating new AndroidUiautomator2Driver (v1.70.1) session
2022-09-22 07:51:23:067 [Appium] There are no active sessions for cleanup
2022-09-22 07:51:23:069 [BaseDriver] W3C capabilities and MJSONWP desired capabilities were provided
2022-09-22 07:51:23:069 [BaseDriver] Creating session with W3C capabilities: {
2022-09-22 07:51:23:069 [BaseDriver]   "alwaysMatch": {
2022-09-22 07:51:23:069 [BaseDriver]     "appium:chromeDriverPort": "11000",
2022-09-22 07:51:23:070 [BaseDriver]     "platformName": "android",
2022-09-22 07:51:23:070 [BaseDriver]     "appium:app": "/Users/varsha/Desktop/NAGP/NAGPAppium/src/test/resources/apkFiles/selendroid-test-app.apk",
2022-09-22 07:51:23:070 [BaseDriver]     "appium:appActivity": "io.selendroid.testapp.HomeScreenActivity",
2022-09-22 07:51:23:070 [BaseDriver]     "appium:appPackage": "io.selendroid.testapp",
2022-09-22 07:51:23:070 [BaseDriver]     "appium:automationName": "UiAutomator2",
2022-09-22 07:51:23:070 [BaseDriver]     "appium:systemPort": "10000"
2022-09-22 07:51:23:070 [BaseDriver]   },
2022-09-22 07:51:23:070 [BaseDriver]   "firstMatch": [
2022-09-22 07:51:23:070 [BaseDriver]     {}
2022-09-22 07:51:23:070 [BaseDriver]   ]
2022-09-22 07:51:23:070 [BaseDriver] }
2022-09-22 07:51:23:072 [BaseDriver] Number capability passed in as string. Functionality may be compromised.
2022-09-22 07:51:23:072 [BaseDriver] Number capability passed in as string. Functionality may be compromised.
2022-09-22 07:51:23:075 [BaseDriver] Capability 'systemPort' changed from string ('10000') to integer (10000). This may cause unexpected behavior
2022-09-22 07:51:23:075 [BaseDriver] Capability 'chromeDriverPort' changed from string ('11000') to integer (11000). This may cause unexpected behavior
2022-09-22 07:51:23:078 [BaseDriver] Session created with session id: 60dd1b44-4ec9-4add-9022-f2be12faad46
2022-09-22 07:51:23:081 [BaseDriver] Using local app '/Users/varsha/Desktop/NAGP/NAGPAppium/src/test/resources/apkFiles/selendroid-test-app.apk'
2022-09-22 07:51:23:081 [UiAutomator2] Checking whether app is actually present
2022-09-22 07:51:23:087 [ADB] Found 1 'build-tools' folders under '/Users/varsha/Library/Android/sdk' (newest first):
2022-09-22 07:51:23:088 [ADB]     /Users/varsha/Library/Android/sdk/build-tools/33.0.0
2022-09-22 07:51:23:088 [ADB] Using 'adb' from '/Users/varsha/Library/Android/sdk/platform-tools/adb'
2022-09-22 07:51:23:090 [ADB] Running '/Users/varsha/Library/Android/sdk/platform-tools/adb -P 5037 start-server'
2022-09-22 07:51:23:100 [AndroidDriver] Retrieving device list
2022-09-22 07:51:23:100 [ADB] Trying to find a connected android device
2022-09-22 07:51:23:101 [ADB] Getting connected devices
2022-09-22 07:51:23:110 [ADB] Connected devices: [{"udid":"emulator-5554","state":"device"}]
2022-09-22 07:51:23:110 [AndroidDriver] Using device: emulator-5554
2022-09-22 07:51:23:111 [ADB] Using 'adb' from '/Users/varsha/Library/Android/sdk/platform-tools/adb'
2022-09-22 07:51:23:111 [ADB] Running '/Users/varsha/Library/Android/sdk/platform-tools/adb -P 5037 start-server'
2022-09-22 07:51:23:120 [ADB] Setting device id to emulator-5554
2022-09-22 07:51:23:121 [ADB] Running '/Users/varsha/Library/Android/sdk/platform-tools/adb -P 5037 -s emulator-5554 shell getprop ro.build.version.sdk'
2022-09-22 07:51:23:145 [ADB] Current device property 'ro.build.version.sdk': 31
2022-09-22 07:51:23:145 [ADB] Getting device platform version
2022-09-22 07:51:23:145 [ADB] Running '/Users/varsha/Library/Android/sdk/platform-tools/adb -P 5037 -s emulator-5554 shell getprop ro.build.version.release'
2022-09-22 07:51:23:165 [ADB] Current device property 'ro.build.version.release': 12
2022-09-22 07:51:23:165 [ADB] Device API level: 31
2022-09-22 07:51:23:165 [UiAutomator2] Relaxing hidden api policy
2022-09-22 07:51:23:165 [ADB] Running '/Users/varsha/Library/Android/sdk/platform-tools/adb -P 5037 -s emulator-5554 shell 'settings put global hidden_api_policy_pre_p_apps 1;settings put global hidden_api_policy_p_apps 1;settings put global hidden_api_policy 1''
2022-09-22 07:51:23:232 [ADB] Running '/Users/varsha/Library/Android/sdk/platform-tools/adb -P 5037 -s emulator-5554 wait-for-device'
2022-09-22 07:51:23:240 [ADB] Running '/Users/varsha/Library/Android/sdk/platform-tools/adb -P 5037 -s emulator-5554 shell echo ping'
2022-09-22 07:51:23:257 [AndroidDriver] Pushing settings apk to device...
2022-09-22 07:51:23:258 [ADB] Getting install status for io.appium.settings
2022-09-22 07:51:23:258 [ADB] Running '/Users/varsha/Library/Android/sdk/platform-tools/adb -P 5037 -s emulator-5554 shell dumpsys package io.appium.settings'
2022-09-22 07:51:23:311 [ADB] 'io.appium.settings' is installed
2022-09-22 07:51:23:311 [ADB] Getting package info for 'io.appium.settings'
2022-09-22 07:51:23:312 [ADB] Running '/Users/varsha/Library/Android/sdk/platform-tools/adb -P 5037 -s emulator-5554 shell dumpsys package io.appium.settings'
2022-09-22 07:51:23:356 [ADB] The version name of the installed 'io.appium.settings' is greater or equal to the application version name ('3.4.0' >= '3.4.0')
2022-09-22 07:51:23:356 [ADB] There is no need to install/upgrade '/usr/local/lib/node_modules/appium/node_modules/io.appium.settings/apks/settings_apk-debug.apk'
2022-09-22 07:51:23:357 [ADB] Getting IDs of all 'io.appium.settings' processes
2022-09-22 07:51:23:357 [ADB] Running '/Users/varsha/Library/Android/sdk/platform-tools/adb -P 5037 -s emulator-5554 shell 'pgrep --help; echo $?''
2022-09-22 07:51:23:386 [ADB] Running '/Users/varsha/Library/Android/sdk/platform-tools/adb -P 5037 -s emulator-5554 shell pgrep -f \(\[\[:blank:\]\]\|\^\)io\.appium\.settings\(\[\[:blank:\]\]\|\$\)'
2022-09-22 07:51:23:425 [AndroidDriver] io.appium.settings is already running. There is no need to reset its permissions.
2022-09-22 07:51:23:426 [Logcat] Starting logs capture with command: /Users/varsha/Library/Android/sdk/platform-tools/adb -P 5037 -s emulator-5554 logcat -v threadtime
2022-09-22 07:51:23:447 [UiAutomator2] Forwarding UiAutomator2 Server port 6790 to local port 10000
2022-09-22 07:51:23:450 [ADB] Forwarding system: 10000 to device: 6790
2022-09-22 07:51:23:451 [ADB] Running '/Users/varsha/Library/Android/sdk/platform-tools/adb -P 5037 -s emulator-5554 forward tcp:10000 tcp:6790'
2022-09-22 07:51:23:465 [ADB] Getting install status for io.appium.uiautomator2.server
2022-09-22 07:51:23:466 [ADB] Running '/Users/varsha/Library/Android/sdk/platform-tools/adb -P 5037 -s emulator-5554 shell dumpsys package io.appium.uiautomator2.server'
2022-09-22 07:51:23:506 [ADB] 'io.appium.uiautomator2.server' is installed
2022-09-22 07:51:23:506 [ADB] Getting package info for 'io.appium.uiautomator2.server'
2022-09-22 07:51:23:506 [ADB] Running '/Users/varsha/Library/Android/sdk/platform-tools/adb -P 5037 -s emulator-5554 shell dumpsys package io.appium.uiautomator2.server'
2022-09-22 07:51:23:768 [ADB] The version name of the installed 'io.appium.uiautomator2.server' is greater or equal to the application version name ('4.27.0' >= '4.27.0')
2022-09-22 07:51:23:769 [UiAutomator2] io.appium.uiautomator2.server installation state: sameVersionInstalled
2022-09-22 07:51:23:769 [ADB] Checking app cert for /usr/local/lib/node_modules/appium/node_modules/appium-uiautomator2-server/apks/appium-uiautomator2-server-v4.27.0.apk
2022-09-22 07:51:23:808 [ADB] Using 'apksigner.jar' from '/Users/varsha/Library/Android/sdk/build-tools/33.0.0/lib/apksigner.jar'
2022-09-22 07:51:23:809 [ADB] Starting apksigner: /Library/Java/JavaVirtualMachines/jdk-11.0.13.jdk/Contents/Home/bin/java -Xmx1024M -Xss1m -jar /Users/varsha/Library/Android/sdk/build-tools/33.0.0/lib/apksigner.jar verify --print-certs /usr/local/lib/node_modules/appium/node_modules/appium-uiautomator2-server/apks/appium-uiautomator2-server-v4.27.0.apk
2022-09-22 07:51:24:756 [ADB] apksigner stdout: Signer #1 certificate DN: EMAILADDRESS=android@android.com, CN=Android, OU=Android, O=Android, L=Mountain View, ST=California, C=US
2022-09-22 07:51:24:757 [ADB] Signer #1 certificate SHA-256 digest: a40da80a59d170caa950cf15c18c454d47a39b26989d8b640ecd745ba71bf5dc
2022-09-22 07:51:24:757 [ADB] Signer #1 certificate SHA-1 digest: 61ed377e85d386a8dfee6b864bd85b0bfaa5af81
2022-09-22 07:51:24:757 [ADB] Signer #1 certificate MD5 digest: e89b158e4bcf988ebd09eb83f5378e87
2022-09-22 07:51:24:757 [ADB] 
2022-09-22 07:51:24:757 [ADB] sha256 hash did match for 'appium-uiautomator2-server-v4.27.0.apk'
2022-09-22 07:51:24:757 [ADB] '/usr/local/lib/node_modules/appium/node_modules/appium-uiautomator2-server/apks/appium-uiautomator2-server-v4.27.0.apk' is signed with the default certificate
2022-09-22 07:51:24:757 [ADB] Getting install status for io.appium.uiautomator2.server.test
2022-09-22 07:51:24:758 [ADB] Running '/Users/varsha/Library/Android/sdk/platform-tools/adb -P 5037 -s emulator-5554 shell dumpsys package io.appium.uiautomator2.server.test'
2022-09-22 07:51:24:789 [ADB] 'io.appium.uiautomator2.server.test' is installed
2022-09-22 07:51:24:789 [ADB] Checking app cert for /usr/local/lib/node_modules/appium/node_modules/appium-uiautomator2-server/apks/appium-uiautomator2-server-debug-androidTest.apk
2022-09-22 07:51:24:794 [ADB] Starting apksigner: /Library/Java/JavaVirtualMachines/jdk-11.0.13.jdk/Contents/Home/bin/java -Xmx1024M -Xss1m -jar /Users/varsha/Library/Android/sdk/build-tools/33.0.0/lib/apksigner.jar verify --print-certs /usr/local/lib/node_modules/appium/node_modules/appium-uiautomator2-server/apks/appium-uiautomator2-server-debug-androidTest.apk
2022-09-22 07:51:25:151 [ADB] apksigner stdout: Signer #1 certificate DN: EMAILADDRESS=android@android.com, CN=Android, OU=Android, O=Android, L=Mountain View, ST=California, C=US
2022-09-22 07:51:25:151 [ADB] Signer #1 certificate SHA-256 digest: a40da80a59d170caa950cf15c18c454d47a39b26989d8b640ecd745ba71bf5dc
2022-09-22 07:51:25:151 [ADB] Signer #1 certificate SHA-1 digest: 61ed377e85d386a8dfee6b864bd85b0bfaa5af81
2022-09-22 07:51:25:151 [ADB] Signer #1 certificate MD5 digest: e89b158e4bcf988ebd09eb83f5378e87
2022-09-22 07:51:25:151 [ADB] 
2022-09-22 07:51:25:151 [ADB] sha256 hash did match for 'appium-uiautomator2-server-debug-androidTest.apk'
2022-09-22 07:51:25:151 [ADB] '/usr/local/lib/node_modules/appium/node_modules/appium-uiautomator2-server/apks/appium-uiautomator2-server-debug-androidTest.apk' is signed with the default certificate
2022-09-22 07:51:25:152 [UiAutomator2] Server packages are not going to be (re)installed
2022-09-22 07:51:25:155 [UiAutomator2] Waiting up to 30000ms for services to be available
2022-09-22 07:51:25:156 [ADB] Running '/Users/varsha/Library/Android/sdk/platform-tools/adb -P 5037 -s emulator-5554 shell pm list instrumentation'
2022-09-22 07:51:25:187 [UiAutomator2] Instrumentation target 'io.appium.uiautomator2.server.test/androidx.test.runner.AndroidJUnitRunner' is available
2022-09-22 07:51:25:189 [ADB] Adding packages ["io.appium.settings","io.appium.uiautomator2.server","io.appium.uiautomator2.server.test"] to Doze whitelist
2022-09-22 07:51:25:190 [ADB] Got the following command chunks to execute: [["dumpsys","deviceidle","whitelist","+io.appium.settings",";","dumpsys","deviceidle","whitelist","+io.appium.uiautomator2.server",";","dumpsys","deviceidle","whitelist","+io.appium.uiautomator2.server.test",";"]]
2022-09-22 07:51:25:190 [ADB] Running '/Users/varsha/Library/Android/sdk/platform-tools/adb -P 5037 -s emulator-5554 shell dumpsys deviceidle whitelist +io.appium.settings ; dumpsys deviceidle whitelist +io.appium.uiautomator2.server ; dumpsys deviceidle whitelist +io.appium.uiautomator2.server.test ;'
2022-09-22 07:51:25:238 [ADB] Checking app cert for /Users/varsha/Desktop/NAGP/NAGPAppium/src/test/resources/apkFiles/selendroid-test-app.apk
2022-09-22 07:51:25:241 [ADB] Starting apksigner: /Library/Java/JavaVirtualMachines/jdk-11.0.13.jdk/Contents/Home/bin/java -Xmx1024M -Xss1m -jar /Users/varsha/Library/Android/sdk/build-tools/33.0.0/lib/apksigner.jar verify --print-certs /Users/varsha/Desktop/NAGP/NAGPAppium/src/test/resources/apkFiles/selendroid-test-app.apk
2022-09-22 07:51:25:575 [ADB] apksigner stdout: Signer #1 certificate DN: CN=Android Debug, O=Android, C=US
2022-09-22 07:51:25:575 [ADB] Signer #1 certificate SHA-256 digest: f68117581679cdfaf3532a1c374547745a1889d266b3de8d3dc9014632599f33
2022-09-22 07:51:25:575 [ADB] Signer #1 certificate SHA-1 digest: 4fdac9c8157aa966b9a79f11d31cda5be49fd44b
2022-09-22 07:51:25:575 [ADB] Signer #1 certificate MD5 digest: 671d07ab3338c01c67994b9edb18362c
2022-09-22 07:51:25:575 [ADB] 
2022-09-22 07:51:25:576 [ADB] '/Users/varsha/Desktop/NAGP/NAGPAppium/src/test/resources/apkFiles/selendroid-test-app.apk' is signed with a non-default certificate
2022-09-22 07:51:25:576 [ADB] Getting install status for io.selendroid.testapp
2022-09-22 07:51:25:577 [ADB] Running '/Users/varsha/Library/Android/sdk/platform-tools/adb -P 5037 -s emulator-5554 shell dumpsys package io.selendroid.testapp'
2022-09-22 07:51:25:608 [ADB] 'io.selendroid.testapp' is installed
2022-09-22 07:51:25:608 [ADB] Getting package info for 'io.selendroid.testapp'
2022-09-22 07:51:25:608 [ADB] Running '/Users/varsha/Library/Android/sdk/platform-tools/adb -P 5037 -s emulator-5554 shell dumpsys package io.selendroid.testapp'
2022-09-22 07:51:25:642 [ADB] The version name of the installed 'io.selendroid.testapp' is greater or equal to the application version name ('0.12.0' >= '0.12.0')
2022-09-22 07:51:25:643 [ADB] There is no need to install/upgrade '/Users/varsha/Desktop/NAGP/NAGPAppium/src/test/resources/apkFiles/selendroid-test-app.apk'
2022-09-22 07:51:25:643 [AndroidDriver] Performing fast reset on 'io.selendroid.testapp'
2022-09-22 07:51:25:644 [ADB] Getting install status for io.selendroid.testapp
2022-09-22 07:51:25:644 [ADB] Running '/Users/varsha/Library/Android/sdk/platform-tools/adb -P 5037 -s emulator-5554 shell dumpsys package io.selendroid.testapp'
2022-09-22 07:51:25:672 [ADB] 'io.selendroid.testapp' is installed
2022-09-22 07:51:25:672 [ADB] Running '/Users/varsha/Library/Android/sdk/platform-tools/adb -P 5037 -s emulator-5554 shell am force-stop io.selendroid.testapp'
2022-09-22 07:51:25:704 [ADB] Running '/Users/varsha/Library/Android/sdk/platform-tools/adb -P 5037 -s emulator-5554 shell pm clear io.selendroid.testapp'
2022-09-22 07:51:25:752 [AndroidDriver] Performed fast reset on the installed 'io.selendroid.testapp' application (stop and clear)
2022-09-22 07:51:25:753 [UiAutomator2] Performing shallow cleanup of automation leftovers
2022-09-22 07:51:25:764 [UiAutomator2] No obsolete sessions have been detected (socket hang up)
2022-09-22 07:51:25:764 [ADB] Running '/Users/varsha/Library/Android/sdk/platform-tools/adb -P 5037 -s emulator-5554 shell am force-stop io.appium.uiautomator2.server.test'
2022-09-22 07:51:25:803 [UiAutomator2] Starting UIAutomator2 server 4.27.0
2022-09-22 07:51:25:804 [UiAutomator2] Using UIAutomator2 server from '/usr/local/lib/node_modules/appium/node_modules/appium-uiautomator2-server/apks/appium-uiautomator2-server-v4.27.0.apk' and test from '/usr/local/lib/node_modules/appium/node_modules/appium-uiautomator2-server/apks/appium-uiautomator2-server-debug-androidTest.apk'
2022-09-22 07:51:25:804 [UiAutomator2] Waiting up to 30000ms for UiAutomator2 to be online...
2022-09-22 07:51:25:804 [ADB] Creating ADB subprocess with args: ["-P",5037,"-s","emulator-5554","shell","am","instrument","-w","-e","disableAnalytics",true,"io.appium.uiautomator2.server.test/androidx.test.runner.AndroidJUnitRunner"]
2022-09-22 07:51:25:810 [WD Proxy] Matched '/status' to command name 'getStatus'
2022-09-22 07:51:25:811 [WD Proxy] Proxying [GET /status] to [GET http://127.0.0.1:10000/wd/hub/status] with no body
2022-09-22 07:51:25:817 [WD Proxy] socket hang up
2022-09-22 07:51:26:468 [Instrumentation] io.appium.uiautomator2.server.test.AppiumUiAutomator2Server:
2022-09-22 07:51:26:824 [WD Proxy] Matched '/status' to command name 'getStatus'
2022-09-22 07:51:26:824 [WD Proxy] Proxying [GET /status] to [GET http://127.0.0.1:10000/wd/hub/status] with no body
2022-09-22 07:51:26:830 [WD Proxy] socket hang up
2022-09-22 07:51:27:834 [WD Proxy] Matched '/status' to command name 'getStatus'
2022-09-22 07:51:27:835 [WD Proxy] Proxying [GET /status] to [GET http://127.0.0.1:10000/wd/hub/status] with no body
2022-09-22 07:51:27:885 [WD Proxy] Got response with status 200: {"sessionId":"None","value":{"message":"UiAutomator2 Server is ready to accept commands","ready":true}}
2022-09-22 07:51:27:886 [UiAutomator2] The initialization of the instrumentation process took 2082ms
2022-09-22 07:51:27:887 [WD Proxy] Matched '/session' to command name 'createSession'
2022-09-22 07:51:27:888 [WD Proxy] Proxying [POST /session] to [POST http://127.0.0.1:10000/wd/hub/session] with body: {"capabilities":{"firstMatch":[{"platform":"LINUX","webStorageEnabled":false,"takesScreenshot":true,"javascriptEnabled":true,"databaseEnabled":false,"networkConnectionEnabled":true,"locationContextEnabled":false,"warnings":{},"desired":{"platformName":"android","chromeDriverPort":11000,"app":"/Users/varsha/Desktop/NAGP/NAGPAppium/src/test/resources/apkFiles/selendroid-test-app.apk","appActivity":"io.selendroid.testapp.HomeScreenActivity","appPackage":"io.selendroid.testapp","automationName":"UiAutomator2","systemPort":10000},"platformName":"android","chromeDriverPort":11000,"app":"/Users/varsha/Desktop/NAGP/NAGPAppium/src/test/resources/apkFiles/selendroid-test-app.apk","appActivity":"io.selendroid.testapp.HomeScreenActivity","appPackage":"io.selendroid.testapp","automationName":"UiAutomator2","systemPort":10000,"deviceName":"emulator-5554","deviceUDID":"emulator-5554"}],"alwaysMatch":{}}}
2022-09-22 07:51:27:917 [WD Proxy] Got response with status 200: {"sessionId":"b84316d7-a8e7-438e-8780-7e114ec284d4","value":{"capabilities":{"firstMatch":[{"platform":"LINUX","webStorageEnabled":false,"takesScreenshot":true,"javascriptEnabled":true,"databaseEnabled":false,"networkConnectionEnabled":true,"locationContextEnabled":false,"warnings":{},"desired":{"platformName":"android","chromeDriverPort":11000,"app":"/Users/varsha/Desktop/NAGP/NAGPAppium/src/test/resources/apkFiles/selendroid-test-app.apk","appActivity":"io.selendroid.testapp.HomeScreenActivity","appPackage":"io.selendroid.testapp","automationName":"UiAutomator2","systemPort":10000},"platformName":"android","chromeDriverPort":11000,"app":"/Users/varsha/Desktop/NAGP/NAGPAppium/src/test/resources/apkFiles/selendroid-test-app.apk","appActivity":"io.selendroid.testapp.HomeScreenActivity","appPackage":"io.selendroid.testapp","automationName":"UiAutomator2","systemPort":10000,"deviceName":"emulator-5554","deviceUDID":"emulator-5554"}],"alwaysMatch":{}},"sessionId":"b84316d7-a8e7-438e-8780-7e114ec284d4"}}
2022-09-22 07:51:27:917 [WD Proxy] Determined the downstream protocol as 'W3C'
2022-09-22 07:51:27:940 [WD Proxy] Proxying [GET /appium/device/info] to [GET http://127.0.0.1:10000/wd/hub/session/b84316d7-a8e7-438e-8780-7e114ec284d4/appium/device/info] with no body
2022-09-22 07:51:27:985 [WD Proxy] Got response with status 200: {"sessionId":"b84316d7-a8e7-438e-8780-7e114ec284d4","value":{"androidId":"1ef3248c941b552f","apiVersion":"31","bluetooth":{"state":"ON"},"brand":"google","carrierName":"T-Mobile","displayDensity":440,"locale":"en_US","manufacturer":"Google","model":"sdk_gphone64_x86_64","networks":[{"capabilities":{"SSID":null,"linkDownBandwidthKbps":4300,"linkUpstreamBandwidthKbps":1800,"networkCapabilities":"NET_CAPABILITY_MMS,NET_CAPABILITY_SUPL,NET_CAPABILITY_DUN,NET_CAPABILITY_FOTA,NET_CAPABILITY_IMS,NET_CAPABILITY_CBS,NET_CAPABILITY_INTERNET,NET_CAPABILITY_NOT_RESTRICTED,NET_CAPABILITY_TRUSTED,NET_CAPABILITY_NOT_VPN,NET_CAPABILITY_VALIDATED,NET_CAPABILITY_NOT_ROAMING,NET_CAPABILITY_FOREGROUND,NET_CAPABILITY_NOT_CONGESTED,NET_CAPABILITY_NOT_SUSPENDED","signalStrength":-2147483648,"transportTypes":"TRANSPORT_CELLULAR"},"detailedState":"CONNECTED","extraInfo":"epc.tmobile.com","isAvailable":true,"isConnected":true,"isFailover":false,"isRoaming":false,"state":"CONNECTED","subtype":10,"subtypeName":"HSPA","type":0,"typeNa...
2022-09-22 07:51:27:986 [ADB] Running '/Users/varsha/Library/Android/sdk/platform-tools/adb -P 5037 -s emulator-5554 shell dumpsys window'
2022-09-22 07:51:28:033 [AndroidDriver] Screen already unlocked, doing nothing
2022-09-22 07:51:28:033 [UiAutomator2] Starting 'io.selendroid.testapp/io.selendroid.testapp.HomeScreenActivity and waiting for 'io.selendroid.testapp/io.selendroid.testapp.HomeScreenActivity'
2022-09-22 07:51:28:034 [ADB] Running '/Users/varsha/Library/Android/sdk/platform-tools/adb -P 5037 -s emulator-5554 shell am start -W -n io.selendroid.testapp/io.selendroid.testapp.HomeScreenActivity -S -a android.intent.action.MAIN -c android.intent.category.LAUNCHER -f 0x10200000'
2022-09-22 07:51:28:559 [WD Proxy] Proxying [GET /appium/device/pixel_ratio] to [GET http://127.0.0.1:10000/wd/hub/session/b84316d7-a8e7-438e-8780-7e114ec284d4/appium/device/pixel_ratio] with no body
2022-09-22 07:51:28:581 [WD Proxy] Got response with status 200: {"sessionId":"b84316d7-a8e7-438e-8780-7e114ec284d4","value":2.75}
2022-09-22 07:51:28:583 [WD Proxy] Matched '/appium/device/system_bars' to command name 'getSystemBars'
2022-09-22 07:51:28:583 [WD Proxy] Proxying [GET /appium/device/system_bars] to [GET http://127.0.0.1:10000/wd/hub/session/b84316d7-a8e7-438e-8780-7e114ec284d4/appium/device/system_bars] with no body
2022-09-22 07:51:28:603 [WD Proxy] Got response with status 200: {"sessionId":"b84316d7-a8e7-438e-8780-7e114ec284d4","value":{"statusBar":145}}
2022-09-22 07:51:28:604 [WD Proxy] Matched '/window/current/size' to command name 'getWindowSize'
2022-09-22 07:51:28:604 [WD Proxy] Proxying [GET /window/current/size] to [GET http://127.0.0.1:10000/wd/hub/session/b84316d7-a8e7-438e-8780-7e114ec284d4/window/current/size] with no body
2022-09-22 07:51:28:625 [WD Proxy] Got response with status 200: {"sessionId":"b84316d7-a8e7-438e-8780-7e114ec284d4","value":{"height":2072,"width":1080}}
2022-09-22 07:51:28:626 [Appium] New AndroidUiautomator2Driver session created successfully, session 60dd1b44-4ec9-4add-9022-f2be12faad46 added to master session list
2022-09-22 07:51:28:626 [BaseDriver] Event 'newSessionStarted' logged at 1663833088626 (13:21:28 GMT+0530 (India Standard Time))
2022-09-22 07:51:28:627 [W3C (60dd1b44)] Cached the protocol value 'W3C' for the new session 60dd1b44-4ec9-4add-9022-f2be12faad46
2022-09-22 07:51:28:627 [W3C (60dd1b44)] Responding to client with driver.createSession() result: {"capabilities":{"platform":"LINUX","webStorageEnabled":false,"takesScreenshot":true,"javascriptEnabled":true,"databaseEnabled":false,"networkConnectionEnabled":true,"locationContextEnabled":false,"warnings":{},"desired":{"platformName":"android","chromeDriverPort":11000,"app":"/Users/varsha/Desktop/NAGP/NAGPAppium/src/test/resources/apkFiles/selendroid-test-app.apk","appActivity":"io.selendroid.testapp.HomeScreenActivity","appPackage":"io.selendroid.testapp","automationName":"UiAutomator2","systemPort":10000},"platformName":"android","chromeDriverPort":11000,"app":"/Users/varsha/Desktop/NAGP/NAGPAppium/src/test/resources/apkFiles/selendroid-test-app.apk","appActivity":"io.selendroid.testapp.HomeScreenActivity","appPackage":"io.selendroid.testapp","automationName":"UiAutomator2","systemPort":10000,"deviceName":"emulator-5554","deviceUDID":"emulator-5554","deviceApiLevel":31,"platformVersion":"12","deviceScreenSize":"1080x2340","deviceScreenDensity":440,"deviceModel":"sdk_gphone64_x86_64","deviceManufacture...
2022-09-22 07:51:28:631 [HTTP] <-- POST /wd/hub/session 200 5795 ms - 1196
2022-09-22 07:51:28:632 [HTTP] 
2022-09-22 07:51:28:644 [HTTP] --> GET /wd/hub/session/60dd1b44-4ec9-4add-9022-f2be12faad46/context
2022-09-22 07:51:28:644 [HTTP] {}
2022-09-22 07:51:28:651 [W3C (60dd1b44)] Calling AppiumDriver.getCurrentContext() with args: ["60dd1b44-4ec9-4add-9022-f2be12faad46"]
2022-09-22 07:51:28:652 [W3C (60dd1b44)] Responding to client with driver.getCurrentContext() result: "NATIVE_APP"
2022-09-22 07:51:28:653 [HTTP] <-- GET /wd/hub/session/60dd1b44-4ec9-4add-9022-f2be12faad46/context 200 10 ms - 22
2022-09-22 07:51:28:653 [HTTP] 
2022-09-22 07:51:28:659 [HTTP] --> POST /wd/hub/session/60dd1b44-4ec9-4add-9022-f2be12faad46/element
2022-09-22 07:51:28:659 [HTTP] {"using":"xpath","value":"//*[@text='Continue']"}
2022-09-22 07:51:28:663 [W3C (60dd1b44)] Calling AppiumDriver.findElement() with args: ["xpath","//*[@text='Continue']","60dd1b44-4ec9-4add-9022-f2be12faad46"]
2022-09-22 07:51:28:664 [BaseDriver] Valid locator strategies for this request: xpath, id, class name, accessibility id, css selector, -android uiautomator
2022-09-22 07:51:28:664 [BaseDriver] Waiting up to 0 ms for condition
2022-09-22 07:51:28:665 [WD Proxy] Matched '/element' to command name 'findElement'
2022-09-22 07:51:28:666 [WD Proxy] Proxying [POST /element] to [POST http://127.0.0.1:10000/wd/hub/session/b84316d7-a8e7-438e-8780-7e114ec284d4/element] with body: {"strategy":"xpath","selector":"//*[@text='Continue']","context":"","multiple":false}
2022-09-22 07:51:29:687 [WD Proxy] Got response with status 200: {"sessionId":"b84316d7-a8e7-438e-8780-7e114ec284d4","value":{"ELEMENT":"00000000-0000-01c7-ffff-ffff0000044f","element-6066-11e4-a52e-4f735466cecf":"00000000-0000-01c7-ffff-ffff0000044f"}}
2022-09-22 07:51:29:688 [W3C (60dd1b44)] Responding to client with driver.findElement() result: {"element-6066-11e4-a52e-4f735466cecf":"00000000-0000-01c7-ffff-ffff0000044f","ELEMENT":"00000000-0000-01c7-ffff-ffff0000044f"}
2022-09-22 07:51:29:689 [HTTP] <-- POST /wd/hub/session/60dd1b44-4ec9-4add-9022-f2be12faad46/element 200 1030 ms - 137
2022-09-22 07:51:29:690 [HTTP] 
2022-09-22 07:51:29:694 [HTTP] --> GET /wd/hub/session/60dd1b44-4ec9-4add-9022-f2be12faad46/element/00000000-0000-01c7-ffff-ffff0000044f/displayed
2022-09-22 07:51:29:694 [HTTP] {}
2022-09-22 07:51:29:696 [W3C (60dd1b44)] Calling AppiumDriver.elementDisplayed() with args: ["00000000-0000-01c7-ffff-ffff0000044f","60dd1b44-4ec9-4add-9022-f2be12faad46"]
2022-09-22 07:51:29:696 [WD Proxy] Matched '/element/00000000-0000-01c7-ffff-ffff0000044f/attribute/displayed' to command name 'getAttribute'
2022-09-22 07:51:29:696 [WD Proxy] Proxying [GET /element/00000000-0000-01c7-ffff-ffff0000044f/attribute/displayed] to [GET http://127.0.0.1:10000/wd/hub/session/b84316d7-a8e7-438e-8780-7e114ec284d4/element/00000000-0000-01c7-ffff-ffff0000044f/attribute/displayed] with no body
2022-09-22 07:51:29:725 [WD Proxy] Got response with status 200: {"sessionId":"b84316d7-a8e7-438e-8780-7e114ec284d4","value":"true"}
2022-09-22 07:51:29:726 [W3C (60dd1b44)] Responding to client with driver.elementDisplayed() result: true
2022-09-22 07:51:29:727 [HTTP] <-- GET /wd/hub/session/60dd1b44-4ec9-4add-9022-f2be12faad46/element/00000000-0000-01c7-ffff-ffff0000044f/displayed 200 33 ms - 14
2022-09-22 07:51:29:727 [HTTP] 
2022-09-22 07:51:29:729 [HTTP] --> GET /wd/hub/session/60dd1b44-4ec9-4add-9022-f2be12faad46/context
2022-09-22 07:51:29:730 [HTTP] {}
2022-09-22 07:51:29:731 [W3C (60dd1b44)] Calling AppiumDriver.getCurrentContext() with args: ["60dd1b44-4ec9-4add-9022-f2be12faad46"]
2022-09-22 07:51:29:732 [W3C (60dd1b44)] Responding to client with driver.getCurrentContext() result: "NATIVE_APP"
2022-09-22 07:51:29:732 [HTTP] <-- GET /wd/hub/session/60dd1b44-4ec9-4add-9022-f2be12faad46/context 200 2 ms - 22
2022-09-22 07:51:29:732 [HTTP] 
2022-09-22 07:51:29:736 [HTTP] --> POST /wd/hub/session/60dd1b44-4ec9-4add-9022-f2be12faad46/element
2022-09-22 07:51:29:736 [HTTP] {"using":"xpath","value":"//*[@text='Continue']"}
2022-09-22 07:51:29:738 [W3C (60dd1b44)] Calling AppiumDriver.findElement() with args: ["xpath","//*[@text='Continue']","60dd1b44-4ec9-4add-9022-f2be12faad46"]
2022-09-22 07:51:29:738 [BaseDriver] Valid locator strategies for this request: xpath, id, class name, accessibility id, css selector, -android uiautomator
2022-09-22 07:51:29:739 [BaseDriver] Waiting up to 0 ms for condition
2022-09-22 07:51:29:740 [WD Proxy] Matched '/element' to command name 'findElement'
2022-09-22 07:51:29:740 [WD Proxy] Proxying [POST /element] to [POST http://127.0.0.1:10000/wd/hub/session/b84316d7-a8e7-438e-8780-7e114ec284d4/element] with body: {"strategy":"xpath","selector":"//*[@text='Continue']","context":"","multiple":false}
2022-09-22 07:51:29:914 [WD Proxy] Got response with status 200: {"sessionId":"b84316d7-a8e7-438e-8780-7e114ec284d4","value":{"ELEMENT":"00000000-0000-01c7-ffff-ffff0000044f","element-6066-11e4-a52e-4f735466cecf":"00000000-0000-01c7-ffff-ffff0000044f"}}
2022-09-22 07:51:29:914 [W3C (60dd1b44)] Responding to client with driver.findElement() result: {"element-6066-11e4-a52e-4f735466cecf":"00000000-0000-01c7-ffff-ffff0000044f","ELEMENT":"00000000-0000-01c7-ffff-ffff0000044f"}
2022-09-22 07:51:29:915 [HTTP] <-- POST /wd/hub/session/60dd1b44-4ec9-4add-9022-f2be12faad46/element 200 178 ms - 137
2022-09-22 07:51:29:915 [HTTP] 
2022-09-22 07:51:29:920 [HTTP] --> POST /wd/hub/session/60dd1b44-4ec9-4add-9022-f2be12faad46/element/00000000-0000-01c7-ffff-ffff0000044f/click
2022-09-22 07:51:29:920 [HTTP] {"id":"00000000-0000-01c7-ffff-ffff0000044f"}
2022-09-22 07:51:29:920 [W3C (60dd1b44)] Calling AppiumDriver.click() with args: ["00000000-0000-01c7-ffff-ffff0000044f","60dd1b44-4ec9-4add-9022-f2be12faad46"]
2022-09-22 07:51:29:922 [WD Proxy] Matched '/element/00000000-0000-01c7-ffff-ffff0000044f/click' to command name 'click'
2022-09-22 07:51:29:922 [WD Proxy] Proxying [POST /element/00000000-0000-01c7-ffff-ffff0000044f/click] to [POST http://127.0.0.1:10000/wd/hub/session/b84316d7-a8e7-438e-8780-7e114ec284d4/element/00000000-0000-01c7-ffff-ffff0000044f/click] with body: {"element":"00000000-0000-01c7-ffff-ffff0000044f"}
2022-09-22 07:51:29:986 [WD Proxy] Got response with status 200: {"sessionId":"b84316d7-a8e7-438e-8780-7e114ec284d4","value":null}
2022-09-22 07:51:29:986 [W3C (60dd1b44)] Responding to client with driver.click() result: null
2022-09-22 07:51:29:987 [HTTP] <-- POST /wd/hub/session/60dd1b44-4ec9-4add-9022-f2be12faad46/element/00000000-0000-01c7-ffff-ffff0000044f/click 200 67 ms - 14
2022-09-22 07:51:29:987 [HTTP] 
2022-09-22 07:51:29:993 [HTTP] --> GET /wd/hub/session/60dd1b44-4ec9-4add-9022-f2be12faad46/context
2022-09-22 07:51:29:993 [HTTP] {}
2022-09-22 07:51:29:994 [W3C (60dd1b44)] Calling AppiumDriver.getCurrentContext() with args: ["60dd1b44-4ec9-4add-9022-f2be12faad46"]
2022-09-22 07:51:29:994 [W3C (60dd1b44)] Responding to client with driver.getCurrentContext() result: "NATIVE_APP"
2022-09-22 07:51:29:995 [HTTP] <-- GET /wd/hub/session/60dd1b44-4ec9-4add-9022-f2be12faad46/context 200 2 ms - 22
2022-09-22 07:51:29:995 [HTTP] 
2022-09-22 07:51:30:000 [HTTP] --> POST /wd/hub/session/60dd1b44-4ec9-4add-9022-f2be12faad46/element
2022-09-22 07:51:30:000 [HTTP] {"using":"id","value":"android:id/button1"}
2022-09-22 07:51:30:000 [W3C (60dd1b44)] Calling AppiumDriver.findElement() with args: ["id","android:id/button1","60dd1b44-4ec9-4add-9022-f2be12faad46"]
2022-09-22 07:51:30:001 [BaseDriver] Valid locator strategies for this request: xpath, id, class name, accessibility id, css selector, -android uiautomator
2022-09-22 07:51:30:001 [BaseDriver] Waiting up to 0 ms for condition
2022-09-22 07:51:30:001 [WD Proxy] Matched '/element' to command name 'findElement'
2022-09-22 07:51:30:001 [WD Proxy] Proxying [POST /element] to [POST http://127.0.0.1:10000/wd/hub/session/b84316d7-a8e7-438e-8780-7e114ec284d4/element] with body: {"strategy":"id","selector":"android:id/button1","context":"","multiple":false}
2022-09-22 07:51:30:222 [WD Proxy] Got response with status 404: {"sessionId":"b84316d7-a8e7-438e-8780-7e114ec284d4","value":{"error":"no such element","message":"An element could not be located on the page using the given search parameters","stacktrace":"io.appium.uiautomator2.common.exceptions.ElementNotFoundException: An element could not be located on the page using the given search parameters\n\tat io.appium.uiautomator2.handler.FindElement.safeHandle(FindElement.java:70)\n\tat io.appium.uiautomator2.handler.request.SafeRequestHandler.handle(SafeRequestHandler.java:59)\n\tat io.appium.uiautomator2.server.AppiumServlet.handleRequest(AppiumServlet.java:266)\n\tat io.appium.uiautomator2.server.AppiumServlet.handleHttpRequest(AppiumServlet.java:260)\n\tat io.appium.uiautomator2.http.ServerHandler.channelRead(ServerHandler.java:68)\n\tat io.netty.channel.AbstractChannelHandlerContext.invokeChannelRead(AbstractChannelHandlerContext.java:366)\n\tat io.netty.channel.AbstractChannelHandlerContext.invokeChannelRead(AbstractChannelHandlerContext.java:352)\n\tat io.netty.chann...
2022-09-22 07:51:30:223 [W3C] Matched W3C error code 'no such element' to NoSuchElementError
2022-09-22 07:51:30:249 [W3C (60dd1b44)] Encountered internal error running command: NoSuchElementError: An element could not be located on the page using the given search parameters.
2022-09-22 07:51:30:249 [W3C (60dd1b44)]     at AndroidUiautomator2Driver.findElOrEls (/usr/local/lib/node_modules/appium/node_modules/appium-android-driver/lib/commands/find.js:75:11)
2022-09-22 07:51:30:249 [W3C (60dd1b44)]     at runMicrotasks (<anonymous>)
2022-09-22 07:51:30:249 [W3C (60dd1b44)]     at processTicksAndRejections (internal/process/task_queues.js:95:5)
2022-09-22 07:51:30:250 [W3C (60dd1b44)]     at AndroidUiautomator2Driver.findElOrElsWithProcessing (/usr/local/lib/node_modules/appium/node_modules/appium-base-driver/lib/basedriver/commands/find.js:33:12)
2022-09-22 07:51:30:250 [W3C (60dd1b44)]     at AndroidUiautomator2Driver.findElement (/usr/local/lib/node_modules/appium/node_modules/appium-base-driver/lib/basedriver/commands/find.js:53:10)
2022-09-22 07:51:30:251 [HTTP] <-- POST /wd/hub/session/60dd1b44-4ec9-4add-9022-f2be12faad46/element 404 250 ms - 816
2022-09-22 07:51:30:251 [HTTP] 
2022-09-22 07:51:30:762 [HTTP] --> POST /wd/hub/session/60dd1b44-4ec9-4add-9022-f2be12faad46/element
2022-09-22 07:51:30:763 [HTTP] {"using":"id","value":"android:id/button1"}
2022-09-22 07:51:30:764 [W3C (60dd1b44)] Calling AppiumDriver.findElement() with args: ["id","android:id/button1","60dd1b44-4ec9-4add-9022-f2be12faad46"]
2022-09-22 07:51:30:764 [BaseDriver] Valid locator strategies for this request: xpath, id, class name, accessibility id, css selector, -android uiautomator
2022-09-22 07:51:30:764 [BaseDriver] Waiting up to 0 ms for condition
2022-09-22 07:51:30:764 [WD Proxy] Matched '/element' to command name 'findElement'
2022-09-22 07:51:30:764 [WD Proxy] Proxying [POST /element] to [POST http://127.0.0.1:10000/wd/hub/session/b84316d7-a8e7-438e-8780-7e114ec284d4/element] with body: {"strategy":"id","selector":"android:id/button1","context":"","multiple":false}
2022-09-22 07:51:31:364 [WD Proxy] Got response with status 200: {"sessionId":"b84316d7-a8e7-438e-8780-7e114ec284d4","value":{"ELEMENT":"00000000-0000-01c9-ffff-ffff0000028b","element-6066-11e4-a52e-4f735466cecf":"00000000-0000-01c9-ffff-ffff0000028b"}}
2022-09-22 07:51:31:364 [W3C (60dd1b44)] Responding to client with driver.findElement() result: {"element-6066-11e4-a52e-4f735466cecf":"00000000-0000-01c9-ffff-ffff0000028b","ELEMENT":"00000000-0000-01c9-ffff-ffff0000028b"}
2022-09-22 07:51:31:365 [HTTP] <-- POST /wd/hub/session/60dd1b44-4ec9-4add-9022-f2be12faad46/element 200 602 ms - 137
2022-09-22 07:51:31:365 [HTTP] 
2022-09-22 07:51:31:367 [HTTP] --> GET /wd/hub/session/60dd1b44-4ec9-4add-9022-f2be12faad46/element/00000000-0000-01c9-ffff-ffff0000028b/displayed
2022-09-22 07:51:31:368 [HTTP] {}
2022-09-22 07:51:31:368 [W3C (60dd1b44)] Calling AppiumDriver.elementDisplayed() with args: ["00000000-0000-01c9-ffff-ffff0000028b","60dd1b44-4ec9-4add-9022-f2be12faad46"]
2022-09-22 07:51:31:369 [WD Proxy] Matched '/element/00000000-0000-01c9-ffff-ffff0000028b/attribute/displayed' to command name 'getAttribute'
2022-09-22 07:51:31:369 [WD Proxy] Proxying [GET /element/00000000-0000-01c9-ffff-ffff0000028b/attribute/displayed] to [GET http://127.0.0.1:10000/wd/hub/session/b84316d7-a8e7-438e-8780-7e114ec284d4/element/00000000-0000-01c9-ffff-ffff0000028b/attribute/displayed] with no body
2022-09-22 07:51:31:396 [WD Proxy] Got response with status 200: {"sessionId":"b84316d7-a8e7-438e-8780-7e114ec284d4","value":"true"}
2022-09-22 07:51:31:396 [W3C (60dd1b44)] Responding to client with driver.elementDisplayed() result: true
2022-09-22 07:51:31:399 [HTTP] <-- GET /wd/hub/session/60dd1b44-4ec9-4add-9022-f2be12faad46/element/00000000-0000-01c9-ffff-ffff0000028b/displayed 200 29 ms - 14
2022-09-22 07:51:31:399 [HTTP] 
2022-09-22 07:51:31:403 [HTTP] --> GET /wd/hub/session/60dd1b44-4ec9-4add-9022-f2be12faad46/context
2022-09-22 07:51:31:403 [HTTP] {}
2022-09-22 07:51:31:404 [W3C (60dd1b44)] Calling AppiumDriver.getCurrentContext() with args: ["60dd1b44-4ec9-4add-9022-f2be12faad46"]
2022-09-22 07:51:31:405 [W3C (60dd1b44)] Responding to client with driver.getCurrentContext() result: "NATIVE_APP"
2022-09-22 07:51:31:406 [HTTP] <-- GET /wd/hub/session/60dd1b44-4ec9-4add-9022-f2be12faad46/context 200 2 ms - 22
2022-09-22 07:51:31:406 [HTTP] 
2022-09-22 07:51:31:411 [HTTP] --> POST /wd/hub/session/60dd1b44-4ec9-4add-9022-f2be12faad46/element
2022-09-22 07:51:31:411 [HTTP] {"using":"id","value":"android:id/button1"}
2022-09-22 07:51:31:413 [W3C (60dd1b44)] Calling AppiumDriver.findElement() with args: ["id","android:id/button1","60dd1b44-4ec9-4add-9022-f2be12faad46"]
2022-09-22 07:51:31:413 [BaseDriver] Valid locator strategies for this request: xpath, id, class name, accessibility id, css selector, -android uiautomator
2022-09-22 07:51:31:413 [BaseDriver] Waiting up to 0 ms for condition
2022-09-22 07:51:31:414 [WD Proxy] Matched '/element' to command name 'findElement'
2022-09-22 07:51:31:415 [WD Proxy] Proxying [POST /element] to [POST http://127.0.0.1:10000/wd/hub/session/b84316d7-a8e7-438e-8780-7e114ec284d4/element] with body: {"strategy":"id","selector":"android:id/button1","context":"","multiple":false}
2022-09-22 07:51:31:497 [WD Proxy] Got response with status 200: {"sessionId":"b84316d7-a8e7-438e-8780-7e114ec284d4","value":{"ELEMENT":"00000000-0000-01c9-ffff-ffff0000028b","element-6066-11e4-a52e-4f735466cecf":"00000000-0000-01c9-ffff-ffff0000028b"}}
2022-09-22 07:51:31:498 [W3C (60dd1b44)] Responding to client with driver.findElement() result: {"element-6066-11e4-a52e-4f735466cecf":"00000000-0000-01c9-ffff-ffff0000028b","ELEMENT":"00000000-0000-01c9-ffff-ffff0000028b"}
2022-09-22 07:51:31:499 [HTTP] <-- POST /wd/hub/session/60dd1b44-4ec9-4add-9022-f2be12faad46/element 200 87 ms - 137
2022-09-22 07:51:31:500 [HTTP] 
2022-09-22 07:51:31:506 [HTTP] --> POST /wd/hub/session/60dd1b44-4ec9-4add-9022-f2be12faad46/element/00000000-0000-01c9-ffff-ffff0000028b/click
2022-09-22 07:51:31:506 [HTTP] {"id":"00000000-0000-01c9-ffff-ffff0000028b"}
2022-09-22 07:51:31:506 [W3C (60dd1b44)] Calling AppiumDriver.click() with args: ["00000000-0000-01c9-ffff-ffff0000028b","60dd1b44-4ec9-4add-9022-f2be12faad46"]
2022-09-22 07:51:31:507 [WD Proxy] Matched '/element/00000000-0000-01c9-ffff-ffff0000028b/click' to command name 'click'
2022-09-22 07:51:31:507 [WD Proxy] Proxying [POST /element/00000000-0000-01c9-ffff-ffff0000028b/click] to [POST http://127.0.0.1:10000/wd/hub/session/b84316d7-a8e7-438e-8780-7e114ec284d4/element/00000000-0000-01c9-ffff-ffff0000028b/click] with body: {"element":"00000000-0000-01c9-ffff-ffff0000028b"}
2022-09-22 07:51:31:584 [WD Proxy] Got response with status 200: {"sessionId":"b84316d7-a8e7-438e-8780-7e114ec284d4","value":null}
2022-09-22 07:51:31:585 [W3C (60dd1b44)] Responding to client with driver.click() result: null
2022-09-22 07:51:31:586 [HTTP] <-- POST /wd/hub/session/60dd1b44-4ec9-4add-9022-f2be12faad46/element/00000000-0000-01c9-ffff-ffff0000028b/click 200 80 ms - 14
2022-09-22 07:51:31:586 [HTTP] 
2022-09-22 07:51:31:593 [HTTP] --> GET /wd/hub/session/60dd1b44-4ec9-4add-9022-f2be12faad46/context
2022-09-22 07:51:31:593 [HTTP] {}
2022-09-22 07:51:31:594 [W3C (60dd1b44)] Calling AppiumDriver.getCurrentContext() with args: ["60dd1b44-4ec9-4add-9022-f2be12faad46"]
2022-09-22 07:51:31:595 [W3C (60dd1b44)] Responding to client with driver.getCurrentContext() result: "NATIVE_APP"
2022-09-22 07:51:31:596 [HTTP] <-- GET /wd/hub/session/60dd1b44-4ec9-4add-9022-f2be12faad46/context 200 2 ms - 22
2022-09-22 07:51:31:596 [HTTP] 
2022-09-22 07:51:31:601 [HTTP] --> POST /wd/hub/session/60dd1b44-4ec9-4add-9022-f2be12faad46/element
2022-09-22 07:51:31:601 [HTTP] {"using":"xpath","value":" //android.widget.LinearLayout[@content-desc=\"l10nCD\"]/android.widget.TextView"}
2022-09-22 07:51:31:601 [W3C (60dd1b44)] Calling AppiumDriver.findElement() with args: ["xpath"," //android.widget.LinearLayout[@content-desc=\"l10nCD\"]/android.widget.TextView","60dd1b44-4ec9-4add-9022-f2be12faad46"]
2022-09-22 07:51:31:602 [BaseDriver] Valid locator strategies for this request: xpath, id, class name, accessibility id, css selector, -android uiautomator
2022-09-22 07:51:31:602 [BaseDriver] Waiting up to 0 ms for condition
2022-09-22 07:51:31:602 [WD Proxy] Matched '/element' to command name 'findElement'
2022-09-22 07:51:31:603 [WD Proxy] Proxying [POST /element] to [POST http://127.0.0.1:10000/wd/hub/session/b84316d7-a8e7-438e-8780-7e114ec284d4/element] with body: {"strategy":"xpath","selector":" //android.widget.LinearLayout[@content-desc=\"l10nCD\"]/android.widget.TextView","context":"","multiple":false}
2022-09-22 07:51:32:059 [WD Proxy] Got response with status 200: {"sessionId":"b84316d7-a8e7-438e-8780-7e114ec284d4","value":{"ELEMENT":"00000000-0000-01ca-ffff-ffff00000008","element-6066-11e4-a52e-4f735466cecf":"00000000-0000-01ca-ffff-ffff00000008"}}
2022-09-22 07:51:32:059 [W3C (60dd1b44)] Responding to client with driver.findElement() result: {"element-6066-11e4-a52e-4f735466cecf":"00000000-0000-01ca-ffff-ffff00000008","ELEMENT":"00000000-0000-01ca-ffff-ffff00000008"}
2022-09-22 07:51:32:059 [HTTP] <-- POST /wd/hub/session/60dd1b44-4ec9-4add-9022-f2be12faad46/element 200 459 ms - 137
2022-09-22 07:51:32:060 [HTTP] 
2022-09-22 07:51:32:064 [HTTP] --> GET /wd/hub/session/60dd1b44-4ec9-4add-9022-f2be12faad46/element/00000000-0000-01ca-ffff-ffff00000008/text
2022-09-22 07:51:32:064 [HTTP] {}
2022-09-22 07:51:32:064 [W3C (60dd1b44)] Driver proxy active, passing request on via HTTP proxy
2022-09-22 07:51:32:065 [WD Proxy] Matched '/wd/hub/session/60dd1b44-4ec9-4add-9022-f2be12faad46/element/00000000-0000-01ca-ffff-ffff00000008/text' to command name 'getText'
2022-09-22 07:51:32:065 [WD Proxy] Proxying [GET /wd/hub/session/60dd1b44-4ec9-4add-9022-f2be12faad46/element/00000000-0000-01ca-ffff-ffff00000008/text] to [GET http://127.0.0.1:10000/wd/hub/session/b84316d7-a8e7-438e-8780-7e114ec284d4/element/00000000-0000-01ca-ffff-ffff00000008/text] with no body
2022-09-22 07:51:32:313 [WD Proxy] Got response with status 200: {"sessionId":"b84316d7-a8e7-438e-8780-7e114ec284d4","value":"Localization (L10n) locator test"}
2022-09-22 07:51:32:313 [WD Proxy] Replacing sessionId b84316d7-a8e7-438e-8780-7e114ec284d4 with 60dd1b44-4ec9-4add-9022-f2be12faad46
2022-09-22 07:51:32:314 [HTTP] <-- GET /wd/hub/session/60dd1b44-4ec9-4add-9022-f2be12faad46/element/00000000-0000-01ca-ffff-ffff00000008/text 200 250 ms - 95
2022-09-22 07:51:32:314 [HTTP] 
2022-09-22 07:51:32:318 [HTTP] --> GET /wd/hub/session/60dd1b44-4ec9-4add-9022-f2be12faad46/context
2022-09-22 07:51:32:319 [HTTP] {}
2022-09-22 07:51:32:319 [W3C (60dd1b44)] Calling AppiumDriver.getCurrentContext() with args: ["60dd1b44-4ec9-4add-9022-f2be12faad46"]
2022-09-22 07:51:32:319 [W3C (60dd1b44)] Responding to client with driver.getCurrentContext() result: "NATIVE_APP"
2022-09-22 07:51:32:320 [HTTP] <-- GET /wd/hub/session/60dd1b44-4ec9-4add-9022-f2be12faad46/context 200 1 ms - 22
2022-09-22 07:51:32:320 [HTTP] 
2022-09-22 07:51:32:325 [HTTP] --> POST /wd/hub/session/60dd1b44-4ec9-4add-9022-f2be12faad46/element
2022-09-22 07:51:32:325 [HTTP] {"using":"id","value":"io.selendroid.testapp:id/visibleButtonTest"}
2022-09-22 07:51:32:326 [W3C (60dd1b44)] Calling AppiumDriver.findElement() with args: ["id","io.selendroid.testapp:id/visibleButtonTest","60dd1b44-4ec9-4add-9022-f2be12faad46"]
2022-09-22 07:51:32:326 [BaseDriver] Valid locator strategies for this request: xpath, id, class name, accessibility id, css selector, -android uiautomator
2022-09-22 07:51:32:326 [BaseDriver] Waiting up to 0 ms for condition
2022-09-22 07:51:32:326 [WD Proxy] Matched '/element' to command name 'findElement'
2022-09-22 07:51:32:326 [WD Proxy] Proxying [POST /element] to [POST http://127.0.0.1:10000/wd/hub/session/b84316d7-a8e7-438e-8780-7e114ec284d4/element] with body: {"strategy":"id","selector":"io.selendroid.testapp:id/visibleButtonTest","context":"","multiple":false}
2022-09-22 07:51:32:369 [WD Proxy] Got response with status 200: {"sessionId":"b84316d7-a8e7-438e-8780-7e114ec284d4","value":{"ELEMENT":"00000000-0000-01ca-ffff-ffff00000012","element-6066-11e4-a52e-4f735466cecf":"00000000-0000-01ca-ffff-ffff00000012"}}
2022-09-22 07:51:32:369 [W3C (60dd1b44)] Responding to client with driver.findElement() result: {"element-6066-11e4-a52e-4f735466cecf":"00000000-0000-01ca-ffff-ffff00000012","ELEMENT":"00000000-0000-01ca-ffff-ffff00000012"}
2022-09-22 07:51:32:370 [HTTP] <-- POST /wd/hub/session/60dd1b44-4ec9-4add-9022-f2be12faad46/element 200 45 ms - 137
2022-09-22 07:51:32:370 [HTTP] 
2022-09-22 07:51:32:375 [HTTP] --> GET /wd/hub/session/60dd1b44-4ec9-4add-9022-f2be12faad46/element/00000000-0000-01ca-ffff-ffff00000012/displayed
2022-09-22 07:51:32:376 [HTTP] {}
2022-09-22 07:51:32:376 [W3C (60dd1b44)] Calling AppiumDriver.elementDisplayed() with args: ["00000000-0000-01ca-ffff-ffff00000012","60dd1b44-4ec9-4add-9022-f2be12faad46"]
2022-09-22 07:51:32:376 [WD Proxy] Matched '/element/00000000-0000-01ca-ffff-ffff00000012/attribute/displayed' to command name 'getAttribute'
2022-09-22 07:51:32:376 [WD Proxy] Proxying [GET /element/00000000-0000-01ca-ffff-ffff00000012/attribute/displayed] to [GET http://127.0.0.1:10000/wd/hub/session/b84316d7-a8e7-438e-8780-7e114ec284d4/element/00000000-0000-01ca-ffff-ffff00000012/attribute/displayed] with no body
2022-09-22 07:51:32:395 [WD Proxy] Got response with status 200: {"sessionId":"b84316d7-a8e7-438e-8780-7e114ec284d4","value":"true"}
2022-09-22 07:51:32:396 [W3C (60dd1b44)] Responding to client with driver.elementDisplayed() result: true
2022-09-22 07:51:32:397 [HTTP] <-- GET /wd/hub/session/60dd1b44-4ec9-4add-9022-f2be12faad46/element/00000000-0000-01ca-ffff-ffff00000012/displayed 200 21 ms - 14
2022-09-22 07:51:32:397 [HTTP] 
2022-09-22 07:51:32:399 [HTTP] --> GET /wd/hub/session/60dd1b44-4ec9-4add-9022-f2be12faad46/context
2022-09-22 07:51:32:399 [HTTP] {}
2022-09-22 07:51:32:400 [W3C (60dd1b44)] Calling AppiumDriver.getCurrentContext() with args: ["60dd1b44-4ec9-4add-9022-f2be12faad46"]
2022-09-22 07:51:32:400 [W3C (60dd1b44)] Responding to client with driver.getCurrentContext() result: "NATIVE_APP"
2022-09-22 07:51:32:401 [HTTP] <-- GET /wd/hub/session/60dd1b44-4ec9-4add-9022-f2be12faad46/context 200 1 ms - 22
2022-09-22 07:51:32:401 [HTTP] 
2022-09-22 07:51:32:405 [HTTP] --> POST /wd/hub/session/60dd1b44-4ec9-4add-9022-f2be12faad46/element
2022-09-22 07:51:32:406 [HTTP] {"using":"id","value":"io.selendroid.testapp:id/visibleButtonTest"}
2022-09-22 07:51:32:406 [W3C (60dd1b44)] Calling AppiumDriver.findElement() with args: ["id","io.selendroid.testapp:id/visibleButtonTest","60dd1b44-4ec9-4add-9022-f2be12faad46"]
2022-09-22 07:51:32:407 [BaseDriver] Valid locator strategies for this request: xpath, id, class name, accessibility id, css selector, -android uiautomator
2022-09-22 07:51:32:407 [BaseDriver] Waiting up to 0 ms for condition
2022-09-22 07:51:32:408 [WD Proxy] Matched '/element' to command name 'findElement'
2022-09-22 07:51:32:408 [WD Proxy] Proxying [POST /element] to [POST http://127.0.0.1:10000/wd/hub/session/b84316d7-a8e7-438e-8780-7e114ec284d4/element] with body: {"strategy":"id","selector":"io.selendroid.testapp:id/visibleButtonTest","context":"","multiple":false}
2022-09-22 07:51:32:467 [WD Proxy] Got response with status 200: {"sessionId":"b84316d7-a8e7-438e-8780-7e114ec284d4","value":{"ELEMENT":"00000000-0000-01ca-ffff-ffff00000012","element-6066-11e4-a52e-4f735466cecf":"00000000-0000-01ca-ffff-ffff00000012"}}
2022-09-22 07:51:32:467 [W3C (60dd1b44)] Responding to client with driver.findElement() result: {"element-6066-11e4-a52e-4f735466cecf":"00000000-0000-01ca-ffff-ffff00000012","ELEMENT":"00000000-0000-01ca-ffff-ffff00000012"}
2022-09-22 07:51:32:468 [HTTP] <-- POST /wd/hub/session/60dd1b44-4ec9-4add-9022-f2be12faad46/element 200 63 ms - 137
2022-09-22 07:51:32:468 [HTTP] 
2022-09-22 07:51:32:473 [HTTP] --> POST /wd/hub/session/60dd1b44-4ec9-4add-9022-f2be12faad46/element/00000000-0000-01ca-ffff-ffff00000012/click
2022-09-22 07:51:32:473 [HTTP] {"id":"00000000-0000-01ca-ffff-ffff00000012"}
2022-09-22 07:51:32:474 [W3C (60dd1b44)] Calling AppiumDriver.click() with args: ["00000000-0000-01ca-ffff-ffff00000012","60dd1b44-4ec9-4add-9022-f2be12faad46"]
2022-09-22 07:51:32:475 [WD Proxy] Matched '/element/00000000-0000-01ca-ffff-ffff00000012/click' to command name 'click'
2022-09-22 07:51:32:475 [WD Proxy] Proxying [POST /element/00000000-0000-01ca-ffff-ffff00000012/click] to [POST http://127.0.0.1:10000/wd/hub/session/b84316d7-a8e7-438e-8780-7e114ec284d4/element/00000000-0000-01ca-ffff-ffff00000012/click] with body: {"element":"00000000-0000-01ca-ffff-ffff00000012"}
2022-09-22 07:51:32:516 [WD Proxy] Got response with status 200: {"sessionId":"b84316d7-a8e7-438e-8780-7e114ec284d4","value":null}
2022-09-22 07:51:32:516 [W3C (60dd1b44)] Responding to client with driver.click() result: null
2022-09-22 07:51:32:516 [HTTP] <-- POST /wd/hub/session/60dd1b44-4ec9-4add-9022-f2be12faad46/element/00000000-0000-01ca-ffff-ffff00000012/click 200 44 ms - 14
2022-09-22 07:51:32:517 [HTTP] 
2022-09-22 07:51:32:521 [HTTP] --> GET /wd/hub/session/60dd1b44-4ec9-4add-9022-f2be12faad46/context
2022-09-22 07:51:32:522 [HTTP] {}
2022-09-22 07:51:32:523 [W3C (60dd1b44)] Calling AppiumDriver.getCurrentContext() with args: ["60dd1b44-4ec9-4add-9022-f2be12faad46"]
2022-09-22 07:51:32:523 [W3C (60dd1b44)] Responding to client with driver.getCurrentContext() result: "NATIVE_APP"
2022-09-22 07:51:32:525 [HTTP] <-- GET /wd/hub/session/60dd1b44-4ec9-4add-9022-f2be12faad46/context 200 3 ms - 22
2022-09-22 07:51:32:525 [HTTP] 
2022-09-22 07:51:32:530 [HTTP] --> POST /wd/hub/session/60dd1b44-4ec9-4add-9022-f2be12faad46/element
2022-09-22 07:51:32:530 [HTTP] {"using":"id","value":"io.selendroid.testapp:id/visibleTextView"}
2022-09-22 07:51:32:531 [W3C (60dd1b44)] Calling AppiumDriver.findElement() with args: ["id","io.selendroid.testapp:id/visibleTextView","60dd1b44-4ec9-4add-9022-f2be12faad46"]
2022-09-22 07:51:32:531 [BaseDriver] Valid locator strategies for this request: xpath, id, class name, accessibility id, css selector, -android uiautomator
2022-09-22 07:51:32:531 [BaseDriver] Waiting up to 0 ms for condition
2022-09-22 07:51:32:531 [WD Proxy] Matched '/element' to command name 'findElement'
2022-09-22 07:51:32:531 [WD Proxy] Proxying [POST /element] to [POST http://127.0.0.1:10000/wd/hub/session/b84316d7-a8e7-438e-8780-7e114ec284d4/element] with body: {"strategy":"id","selector":"io.selendroid.testapp:id/visibleTextView","context":"","multiple":false}
2022-09-22 07:51:32:606 [WD Proxy] Got response with status 200: {"sessionId":"b84316d7-a8e7-438e-8780-7e114ec284d4","value":{"ELEMENT":"00000000-0000-01ca-ffff-ffff00000013","element-6066-11e4-a52e-4f735466cecf":"00000000-0000-01ca-ffff-ffff00000013"}}
2022-09-22 07:51:32:606 [W3C (60dd1b44)] Responding to client with driver.findElement() result: {"element-6066-11e4-a52e-4f735466cecf":"00000000-0000-01ca-ffff-ffff00000013","ELEMENT":"00000000-0000-01ca-ffff-ffff00000013"}
2022-09-22 07:51:32:607 [HTTP] <-- POST /wd/hub/session/60dd1b44-4ec9-4add-9022-f2be12faad46/element 200 76 ms - 137
2022-09-22 07:51:32:607 [HTTP] 
2022-09-22 07:51:32:609 [HTTP] --> GET /wd/hub/session/60dd1b44-4ec9-4add-9022-f2be12faad46/element/00000000-0000-01ca-ffff-ffff00000013/text
2022-09-22 07:51:32:610 [HTTP] {}
2022-09-22 07:51:32:611 [W3C (60dd1b44)] Driver proxy active, passing request on via HTTP proxy
2022-09-22 07:51:32:612 [WD Proxy] Matched '/wd/hub/session/60dd1b44-4ec9-4add-9022-f2be12faad46/element/00000000-0000-01ca-ffff-ffff00000013/text' to command name 'getText'
2022-09-22 07:51:32:612 [WD Proxy] Proxying [GET /wd/hub/session/60dd1b44-4ec9-4add-9022-f2be12faad46/element/00000000-0000-01ca-ffff-ffff00000013/text] to [GET http://127.0.0.1:10000/wd/hub/session/b84316d7-a8e7-438e-8780-7e114ec284d4/element/00000000-0000-01ca-ffff-ffff00000013/text] with no body
2022-09-22 07:51:33:061 [WD Proxy] Got response with status 200: {"sessionId":"b84316d7-a8e7-438e-8780-7e114ec284d4","value":"Text is sometimes displayed"}
2022-09-22 07:51:33:062 [WD Proxy] Replacing sessionId b84316d7-a8e7-438e-8780-7e114ec284d4 with 60dd1b44-4ec9-4add-9022-f2be12faad46
2022-09-22 07:51:33:062 [HTTP] <-- GET /wd/hub/session/60dd1b44-4ec9-4add-9022-f2be12faad46/element/00000000-0000-01ca-ffff-ffff00000013/text 200 453 ms - 90
2022-09-22 07:51:33:062 [HTTP] 
2022-09-22 07:51:33:066 [HTTP] --> DELETE /wd/hub/session/60dd1b44-4ec9-4add-9022-f2be12faad46
2022-09-22 07:51:33:066 [HTTP] {}
2022-09-22 07:51:33:066 [W3C (60dd1b44)] Calling AppiumDriver.deleteSession() with args: ["60dd1b44-4ec9-4add-9022-f2be12faad46"]
2022-09-22 07:51:33:066 [BaseDriver] Event 'quitSessionRequested' logged at 1663833093066 (13:21:33 GMT+0530 (India Standard Time))
2022-09-22 07:51:33:067 [Appium] Removing session 60dd1b44-4ec9-4add-9022-f2be12faad46 from our master session list
2022-09-22 07:51:33:067 [UiAutomator2] Deleting UiAutomator2 session
2022-09-22 07:51:33:068 [UiAutomator2] Deleting UiAutomator2 server session
2022-09-22 07:51:33:068 [WD Proxy] Matched '/' to command name 'deleteSession'
2022-09-22 07:51:33:068 [WD Proxy] Proxying [DELETE /] to [DELETE http://127.0.0.1:10000/wd/hub/session/b84316d7-a8e7-438e-8780-7e114ec284d4] with no body
2022-09-22 07:51:33:075 [WD Proxy] Got response with status 200: {"sessionId":"b84316d7-a8e7-438e-8780-7e114ec284d4","value":null}
2022-09-22 07:51:33:076 [ADB] Running '/Users/varsha/Library/Android/sdk/platform-tools/adb -P 5037 -s emulator-5554 shell am force-stop io.selendroid.testapp'
2022-09-22 07:51:33:188 [Logcat] Stopping logcat capture
2022-09-22 07:51:33:191 [ADB] Removing forwarded port socket connection: 10000 
2022-09-22 07:51:33:191 [ADB] Running '/Users/varsha/Library/Android/sdk/platform-tools/adb -P 5037 -s emulator-5554 forward --remove tcp:10000'
2022-09-22 07:51:33:202 [UiAutomator2] Restoring hidden api policy to the device default configuration
2022-09-22 07:51:33:202 [ADB] Running '/Users/varsha/Library/Android/sdk/platform-tools/adb -P 5037 -s emulator-5554 shell 'settings delete global hidden_api_policy_pre_p_apps;settings delete global hidden_api_policy_p_apps;settings delete global hidden_api_policy''
2022-09-22 07:51:33:335 [BaseDriver] Event 'quitSessionFinished' logged at 1663833093335 (13:21:33 GMT+0530 (India Standard Time))
2022-09-22 07:51:33:335 [W3C (60dd1b44)] Received response: null
2022-09-22 07:51:33:336 [W3C (60dd1b44)] But deleting session, so not returning
2022-09-22 07:51:33:336 [W3C (60dd1b44)] Responding to client with driver.deleteSession() result: null
2022-09-22 07:51:33:337 [HTTP] <-- DELETE /wd/hub/session/60dd1b44-4ec9-4add-9022-f2be12faad46 200 270 ms - 14
2022-09-22 07:51:33:337 [HTTP] 
2022-09-22 07:51:33:341 [Appium] Received SIGTERM - shutting down
2022-09-22 07:51:33:343 [Appium] There are no active sessions for cleanup
2022-09-22 07:51:33:347 uncaughtException: write EPIPE
Error: write EPIPE
    at afterWriteDispatched (internal/stream_base_commons.js:156:25)
    at writeGeneric (internal/stream_base_commons.js:147:3)
    at Socket._writeGeneric (net.js:787:11)
    at Socket._write (net.js:799:8)
    at writeOrBuffer (internal/streams/writable.js:358:12)
    at Socket.Writable.write (internal/streams/writable.js:303:10)
    at Console.log (/usr/local/lib/node_modules/appium/node_modules/winston/lib/winston/transports/console.js:79:23)
    at Console._write (/usr/local/lib/node_modules/appium/node_modules/winston-transport/index.js:103:17)
    at doWrite (/usr/local/lib/node_modules/appium/node_modules/winston-transport/node_modules/readable-stream/lib/_stream_writable.js:428:64)
    at writeOrBuffer (/usr/local/lib/node_modules/appium/node_modules/winston-transport/node_modules/readable-stream/lib/_stream_writable.js:417:5)
    at Console.Writable.write (/usr/local/lib/node_modules/appium/node_modules/winston-transport/node_modules/readable-stream/lib/_stream_writable.js:334:11)
    at DerivedLogger.ondata (/usr/local/lib/node_modules/appium/node_modules/readable-stream/lib/_stream_readable.js:681:20)
    at DerivedLogger.emit (events.js:387:35)
    at addChunk (/usr/local/lib/node_modules/appium/node_modules/readable-stream/lib/_stream_readable.js:298:12)
    at readableAddChunk (/usr/local/lib/node_modules/appium/node_modules/readable-stream/lib/_stream_readable.js:280:11)
    at DerivedLogger.Readable.push (/usr/local/lib/node_modules/appium/node_modules/readable-stream/lib/_stream_readable.js:241:10)
2022-09-22 07:51:33:348 uncaughtException: write EPIPE
Error: write EPIPE
    at afterWriteDispatched (internal/stream_base_commons.js:156:25)
    at writeGeneric (internal/stream_base_commons.js:147:3)
    at Socket._writeGeneric (net.js:787:11)
    at Socket._write (net.js:799:8)
    at writeOrBuffer (internal/streams/writable.js:358:12)
    at Socket.Writable.write (internal/streams/writable.js:303:10)
    at Console.log (/usr/local/lib/node_modules/appium/node_modules/winston/lib/winston/transports/console.js:51:25)
    at Console._write (/usr/local/lib/node_modules/appium/node_modules/winston-transport/index.js:103:17)
    at doWrite (/usr/local/lib/node_modules/appium/node_modules/winston-transport/node_modules/readable-stream/lib/_stream_writable.js:428:64)
    at writeOrBuffer (/usr/local/lib/node_modules/appium/node_modules/winston-transport/node_modules/readable-stream/lib/_stream_writable.js:417:5)
    at Console.Writable.write (/usr/local/lib/node_modules/appium/node_modules/winston-transport/node_modules/readable-stream/lib/_stream_writable.js:334:11)
    at DerivedLogger.ondata (/usr/local/lib/node_modules/appium/node_modules/readable-stream/lib/_stream_readable.js:681:20)
    at DerivedLogger.emit (events.js:387:35)
    at addChunk (/usr/local/lib/node_modules/appium/node_modules/readable-stream/lib/_stream_readable.js:298:12)
    at readableAddChunk (/usr/local/lib/node_modules/appium/node_modules/readable-stream/lib/_stream_readable.js:280:11)
    at DerivedLogger.Readable.push (/usr/local/lib/node_modules/appium/node_modules/readable-stream/lib/_stream_readable.js:241:10)
